2022-01-07 12:08:15,945 [Worker-1: Loading available Gradle versions] INFO  o.e.b.c.i.u.g.PublishedGradleVersions - Gradle version information cache is up-to-date. Trying to read.
2022-01-07 12:18:22,735 [Worker-1: Enabling Maven Dependency Management] INFO  o.e.m.c.i.l.LifecycleMappingFactory - Using org.eclipse.m2e.jdt.JarLifecycleMapping lifecycle mapping for MavenProject: com.xworkz:Data_Company:0.0.1-SNAPSHOT @ C:\Users\dhanu\OneDrive\Desktop\Advance_Java\Data_Company\pom.xml.
2022-01-07 12:18:24,080 [Worker-4: Building] WARN  o.e.m.c.i.embedder.EclipseLogger - Using platform encoding (Cp1252 actually) to copy filtered resources, i.e. build is platform dependent!
2022-01-07 12:18:24,089 [Worker-4: Building] INFO  o.e.m.c.i.embedder.EclipseLogger - skip non existing resourceDirectory C:\Users\dhanu\OneDrive\Desktop\Advance_Java\Data_Company\src\main\resources
2022-01-07 12:18:24,093 [Worker-4: Building] WARN  o.e.m.c.i.embedder.EclipseLogger - Using platform encoding (Cp1252 actually) to copy filtered resources, i.e. build is platform dependent!
2022-01-07 12:18:24,094 [Worker-4: Building] INFO  o.e.m.c.i.embedder.EclipseLogger - skip non existing resourceDirectory C:\Users\dhanu\OneDrive\Desktop\Advance_Java\Data_Company\src\test\resources
2022-01-07 12:18:24,130 [Worker-1: Enabling Maven Dependency Management] INFO  o.e.m.j.i.AbstractJavaProjectConfigurator - Adding source folder /Data_Company/src
2022-01-07 12:18:24,131 [Worker-1: Enabling Maven Dependency Management] INFO  o.e.m.j.i.AbstractJavaProjectConfigurator - Not adding source folder /Data_Company/src/test/java because it overlaps with /Data_Company/src
2022-01-07 12:18:24,389 [Worker-1: Enabling Maven Dependency Management] INFO  o.e.m.c.i.p.ProjectConfigurationManager - Update started
2022-01-07 12:18:25,066 [Worker-1: Enabling Maven Dependency Management] INFO  o.e.m.c.i.l.LifecycleMappingFactory - Using org.eclipse.m2e.jdt.JarLifecycleMapping lifecycle mapping for MavenProject: com.xworkz:Data_Company:0.0.1-SNAPSHOT @ C:\Users\dhanu\OneDrive\Desktop\Advance_Java\Data_Company\pom.xml.
2022-01-07 12:18:25,557 [Worker-1: Enabling Maven Dependency Management] INFO  o.e.m.j.i.AbstractJavaProjectConfigurator - Adding source folder /Data_Company/src
2022-01-07 12:18:25,558 [Worker-1: Enabling Maven Dependency Management] INFO  o.e.m.j.i.AbstractJavaProjectConfigurator - Not adding source folder /Data_Company/src/test/java because it overlaps with /Data_Company/src
2022-01-07 12:18:25,688 [Worker-1: Enabling Maven Dependency Management] INFO  o.e.m.c.i.p.ProjectConfigurationManager - Update completed: 1 sec
2022-01-07 12:18:25,843 [Worker-10: Building] WARN  o.e.m.c.i.embedder.EclipseLogger - Using platform encoding (Cp1252 actually) to copy filtered resources, i.e. build is platform dependent!
2022-01-07 12:18:25,845 [Worker-10: Building] INFO  o.e.m.c.i.embedder.EclipseLogger - skip non existing resourceDirectory C:\Users\dhanu\OneDrive\Desktop\Advance_Java\Data_Company\src\main\resources
2022-01-07 12:18:25,848 [Worker-10: Building] WARN  o.e.m.c.i.embedder.EclipseLogger - Using platform encoding (Cp1252 actually) to copy filtered resources, i.e. build is platform dependent!
2022-01-07 12:18:25,851 [Worker-10: Building] INFO  o.e.m.c.i.embedder.EclipseLogger - skip non existing resourceDirectory C:\Users\dhanu\OneDrive\Desktop\Advance_Java\Data_Company\src\test\resources
2022-01-07 12:19:25,924 [Worker-8: Launching Executing install in C__Users_dhanu_OneDrive_Desktop_Advance_Java_Data_Company] INFO  o.e.m.i.launch.MavenLaunchDelegate - C:\Users\dhanu\OneDrive\Desktop\Advance_Java\Data_Company
2022-01-07 12:19:25,931 [Worker-8: Launching Executing install in C__Users_dhanu_OneDrive_Desktop_Advance_Java_Data_Company] INFO  o.e.m.i.launch.MavenLaunchDelegate -  mvn -B install
2022-01-07 12:20:35,468 [Worker-9: Building] WARN  o.e.m.c.i.embedder.EclipseLogger - Using platform encoding (Cp1252 actually) to copy filtered resources, i.e. build is platform dependent!
2022-01-07 12:20:35,473 [Worker-9: Building] INFO  o.e.m.c.i.embedder.EclipseLogger - skip non existing resourceDirectory C:\Users\dhanu\OneDrive\Desktop\Advance_Java\Data_Company\src\main\resources
2022-01-07 12:20:35,474 [Worker-9: Building] WARN  o.e.m.c.i.embedder.EclipseLogger - Using platform encoding (Cp1252 actually) to copy filtered resources, i.e. build is platform dependent!
2022-01-07 12:20:35,477 [Worker-9: Building] INFO  o.e.m.c.i.embedder.EclipseLogger - skip non existing resourceDirectory C:\Users\dhanu\OneDrive\Desktop\Advance_Java\Data_Company\src\test\resources
2022-01-07 12:23:22,256 [Worker-9: Updating Maven Project] INFO  o.e.m.c.i.p.ProjectConfigurationManager - Update started
2022-01-07 12:23:23,035 [Worker-9: Updating Maven Project] INFO  o.e.m.c.i.l.LifecycleMappingFactory - Using org.eclipse.m2e.jdt.JarLifecycleMapping lifecycle mapping for MavenProject: com.xworkz:Data_Company:0.0.1-SNAPSHOT @ C:\Users\dhanu\OneDrive\Desktop\Advance_Java\Data_Company\pom.xml.
2022-01-07 12:23:23,369 [Worker-9: Updating Maven Project] INFO  o.e.m.j.i.AbstractJavaProjectConfigurator - Adding source folder /Data_Company/src
2022-01-07 12:23:23,369 [Worker-9: Updating Maven Project] INFO  o.e.m.j.i.AbstractJavaProjectConfigurator - Not adding source folder /Data_Company/src/test/java because it overlaps with /Data_Company/src
2022-01-07 12:23:23,558 [Worker-9: Updating Maven Project] INFO  o.e.m.c.i.p.ProjectConfigurationManager - Update completed: 1 sec
2022-01-07 12:23:23,719 [Worker-11: Building] WARN  o.e.m.c.i.embedder.EclipseLogger - Using platform encoding (Cp1252 actually) to copy filtered resources, i.e. build is platform dependent!
2022-01-07 12:23:23,722 [Worker-11: Building] INFO  o.e.m.c.i.embedder.EclipseLogger - skip non existing resourceDirectory C:\Users\dhanu\OneDrive\Desktop\Advance_Java\Data_Company\src\main\resources
2022-01-07 12:23:23,726 [Worker-11: Building] WARN  o.e.m.c.i.embedder.EclipseLogger - Using platform encoding (Cp1252 actually) to copy filtered resources, i.e. build is platform dependent!
2022-01-07 12:23:23,728 [Worker-11: Building] INFO  o.e.m.c.i.embedder.EclipseLogger - skip non existing resourceDirectory C:\Users\dhanu\OneDrive\Desktop\Advance_Java\Data_Company\src\test\resources
2022-01-07 12:26:24,458 [Worker-14: Building] INFO  o.e.m.c.i.l.LifecycleMappingFactory - Using org.eclipse.m2e.jdt.JarLifecycleMapping lifecycle mapping for MavenProject: com.xworkz:Data_Company:0.0.1-SNAPSHOT @ C:\Users\dhanu\OneDrive\Desktop\Advance_Java\Data_Company\pom.xml.
2022-01-07 12:26:25,277 [Worker-14: Building] WARN  o.e.m.c.i.embedder.EclipseLogger - Using platform encoding (Cp1252 actually) to copy filtered resources, i.e. build is platform dependent!
2022-01-07 12:26:25,282 [Worker-14: Building] INFO  o.e.m.c.i.embedder.EclipseLogger - skip non existing resourceDirectory C:\Users\dhanu\OneDrive\Desktop\Advance_Java\Data_Company\src\main\resources
2022-01-07 12:26:25,286 [Worker-14: Building] WARN  o.e.m.c.i.embedder.EclipseLogger - Using platform encoding (Cp1252 actually) to copy filtered resources, i.e. build is platform dependent!
2022-01-07 12:26:25,289 [Worker-14: Building] INFO  o.e.m.c.i.embedder.EclipseLogger - skip non existing resourceDirectory C:\Users\dhanu\OneDrive\Desktop\Advance_Java\Data_Company\src\test\resources
2022-01-07 12:26:26,873 [Worker-11: Building] WARN  o.e.m.c.i.embedder.EclipseLogger - Using platform encoding (Cp1252 actually) to copy filtered resources, i.e. build is platform dependent!
2022-01-07 12:26:26,876 [Worker-11: Building] INFO  o.e.m.c.i.embedder.EclipseLogger - skip non existing resourceDirectory C:\Users\dhanu\OneDrive\Desktop\Advance_Java\Data_Company\src\main\resources
2022-01-07 12:26:26,878 [Worker-11: Building] WARN  o.e.m.c.i.embedder.EclipseLogger - Using platform encoding (Cp1252 actually) to copy filtered resources, i.e. build is platform dependent!
2022-01-07 12:26:26,880 [Worker-11: Building] INFO  o.e.m.c.i.embedder.EclipseLogger - skip non existing resourceDirectory C:\Users\dhanu\OneDrive\Desktop\Advance_Java\Data_Company\src\test\resources
2022-01-07 12:39:00,237 [Worker-16: Launching Executing install in C__Users_dhanu_OneDrive_Desktop_Advance_Java_Data_Company] INFO  o.e.m.i.launch.MavenLaunchDelegate - C:\Users\dhanu\OneDrive\Desktop\Advance_Java\Data_Company
2022-01-07 12:39:00,240 [Worker-16: Launching Executing install in C__Users_dhanu_OneDrive_Desktop_Advance_Java_Data_Company] INFO  o.e.m.i.launch.MavenLaunchDelegate -  mvn -B install
2022-01-07 12:39:04,726 [Worker-16: Building] WARN  o.e.m.c.i.embedder.EclipseLogger - Using platform encoding (Cp1252 actually) to copy filtered resources, i.e. build is platform dependent!
2022-01-07 12:39:04,730 [Worker-16: Building] INFO  o.e.m.c.i.embedder.EclipseLogger - skip non existing resourceDirectory C:\Users\dhanu\OneDrive\Desktop\Advance_Java\Data_Company\src\main\resources
2022-01-07 12:39:04,732 [Worker-16: Building] WARN  o.e.m.c.i.embedder.EclipseLogger - Using platform encoding (Cp1252 actually) to copy filtered resources, i.e. build is platform dependent!
2022-01-07 12:39:04,735 [Worker-16: Building] INFO  o.e.m.c.i.embedder.EclipseLogger - skip non existing resourceDirectory C:\Users\dhanu\OneDrive\Desktop\Advance_Java\Data_Company\src\test\resources
2022-01-07 12:39:28,971 [Worker-16: Updating Maven Project] INFO  o.e.m.c.i.p.ProjectConfigurationManager - Update started
2022-01-07 12:39:29,546 [Worker-16: Updating Maven Project] INFO  o.e.m.c.i.l.LifecycleMappingFactory - Using org.eclipse.m2e.jdt.JarLifecycleMapping lifecycle mapping for MavenProject: com.xworkz:Data_Company:0.0.1-SNAPSHOT @ C:\Users\dhanu\OneDrive\Desktop\Advance_Java\Data_Company\pom.xml.
2022-01-07 12:39:30,077 [Worker-16: Updating Maven Project] INFO  o.e.m.j.i.AbstractJavaProjectConfigurator - Adding source folder /Data_Company/src
2022-01-07 12:39:30,077 [Worker-16: Updating Maven Project] INFO  o.e.m.j.i.AbstractJavaProjectConfigurator - Not adding source folder /Data_Company/src/test/java because it overlaps with /Data_Company/src
2022-01-07 12:39:30,526 [Worker-16: Updating Maven Project] INFO  o.e.m.c.i.p.ProjectConfigurationManager - Update completed: 1 sec
2022-01-07 12:39:30,875 [Worker-17: Building] WARN  o.e.m.c.i.embedder.EclipseLogger - Using platform encoding (Cp1252 actually) to copy filtered resources, i.e. build is platform dependent!
2022-01-07 12:39:30,876 [Worker-17: Building] INFO  o.e.m.c.i.embedder.EclipseLogger - skip non existing resourceDirectory C:\Users\dhanu\OneDrive\Desktop\Advance_Java\Data_Company\src\main\resources
2022-01-07 12:39:30,881 [Worker-17: Building] WARN  o.e.m.c.i.embedder.EclipseLogger - Using platform encoding (Cp1252 actually) to copy filtered resources, i.e. build is platform dependent!
2022-01-07 12:39:30,883 [Worker-17: Building] INFO  o.e.m.c.i.embedder.EclipseLogger - skip non existing resourceDirectory C:\Users\dhanu\OneDrive\Desktop\Advance_Java\Data_Company\src\test\resources
2022-01-07 12:44:26,368 [Worker-18: Building] WARN  o.e.m.c.i.embedder.EclipseLogger - Using platform encoding (Cp1252 actually) to copy filtered resources, i.e. build is platform dependent!
2022-01-07 12:44:26,376 [Worker-18: Building] INFO  o.e.m.c.i.embedder.EclipseLogger - skip non existing resourceDirectory C:\Users\dhanu\OneDrive\Desktop\Advance_Java\Data_Company\src\main\resources
2022-01-07 12:44:26,378 [Worker-18: Building] WARN  o.e.m.c.i.embedder.EclipseLogger - Using platform encoding (Cp1252 actually) to copy filtered resources, i.e. build is platform dependent!
2022-01-07 12:44:26,380 [Worker-18: Building] INFO  o.e.m.c.i.embedder.EclipseLogger - skip non existing resourceDirectory C:\Users\dhanu\OneDrive\Desktop\Advance_Java\Data_Company\src\test\resources
2022-01-07 12:44:44,455 [Worker-4: Building] WARN  o.e.m.c.i.embedder.EclipseLogger - Using platform encoding (Cp1252 actually) to copy filtered resources, i.e. build is platform dependent!
2022-01-07 12:44:44,458 [Worker-4: Building] INFO  o.e.m.c.i.embedder.EclipseLogger - skip non existing resourceDirectory C:\Users\dhanu\OneDrive\Desktop\Advance_Java\Data_Company\src\main\resources
2022-01-07 12:44:44,462 [Worker-4: Building] WARN  o.e.m.c.i.embedder.EclipseLogger - Using platform encoding (Cp1252 actually) to copy filtered resources, i.e. build is platform dependent!
2022-01-07 12:44:44,466 [Worker-4: Building] INFO  o.e.m.c.i.embedder.EclipseLogger - skip non existing resourceDirectory C:\Users\dhanu\OneDrive\Desktop\Advance_Java\Data_Company\src\test\resources
2022-01-07 12:44:55,756 [Worker-4: Building] WARN  o.e.m.c.i.embedder.EclipseLogger - Using platform encoding (Cp1252 actually) to copy filtered resources, i.e. build is platform dependent!
2022-01-07 12:44:55,759 [Worker-4: Building] INFO  o.e.m.c.i.embedder.EclipseLogger - skip non existing resourceDirectory C:\Users\dhanu\OneDrive\Desktop\Advance_Java\Data_Company\src\main\resources
2022-01-07 12:44:55,762 [Worker-4: Building] WARN  o.e.m.c.i.embedder.EclipseLogger - Using platform encoding (Cp1252 actually) to copy filtered resources, i.e. build is platform dependent!
2022-01-07 12:44:55,766 [Worker-4: Building] INFO  o.e.m.c.i.embedder.EclipseLogger - skip non existing resourceDirectory C:\Users\dhanu\OneDrive\Desktop\Advance_Java\Data_Company\src\test\resources
2022-01-07 12:47:11,591 [Worker-18: Building] WARN  o.e.m.c.i.embedder.EclipseLogger - Using platform encoding (Cp1252 actually) to copy filtered resources, i.e. build is platform dependent!
2022-01-07 12:47:11,593 [Worker-18: Building] INFO  o.e.m.c.i.embedder.EclipseLogger - skip non existing resourceDirectory C:\Users\dhanu\OneDrive\Desktop\Advance_Java\Data_Company\src\main\resources
2022-01-07 12:47:11,595 [Worker-18: Building] WARN  o.e.m.c.i.embedder.EclipseLogger - Using platform encoding (Cp1252 actually) to copy filtered resources, i.e. build is platform dependent!
2022-01-07 12:47:11,598 [Worker-18: Building] INFO  o.e.m.c.i.embedder.EclipseLogger - skip non existing resourceDirectory C:\Users\dhanu\OneDrive\Desktop\Advance_Java\Data_Company\src\test\resources
2022-01-07 12:51:15,225 [Worker-22: Building] WARN  o.e.m.c.i.embedder.EclipseLogger - Using platform encoding (Cp1252 actually) to copy filtered resources, i.e. build is platform dependent!
2022-01-07 12:51:15,238 [Worker-22: Building] INFO  o.e.m.c.i.embedder.EclipseLogger - skip non existing resourceDirectory C:\Users\dhanu\OneDrive\Desktop\Advance_Java\Data_Company\src\main\resources
2022-01-07 12:51:15,240 [Worker-22: Building] WARN  o.e.m.c.i.embedder.EclipseLogger - Using platform encoding (Cp1252 actually) to copy filtered resources, i.e. build is platform dependent!
2022-01-07 12:51:15,242 [Worker-22: Building] INFO  o.e.m.c.i.embedder.EclipseLogger - skip non existing resourceDirectory C:\Users\dhanu\OneDrive\Desktop\Advance_Java\Data_Company\src\test\resources
2022-01-07 12:58:53,334 [Worker-26: Building] WARN  o.e.m.c.i.embedder.EclipseLogger - Using platform encoding (Cp1252 actually) to copy filtered resources, i.e. build is platform dependent!
2022-01-07 12:58:53,338 [Worker-26: Building] INFO  o.e.m.c.i.embedder.EclipseLogger - skip non existing resourceDirectory C:\Users\dhanu\OneDrive\Desktop\Advance_Java\Data_Company\src\main\resources
2022-01-07 12:58:53,340 [Worker-26: Building] WARN  o.e.m.c.i.embedder.EclipseLogger - Using platform encoding (Cp1252 actually) to copy filtered resources, i.e. build is platform dependent!
2022-01-07 12:58:53,341 [Worker-26: Building] INFO  o.e.m.c.i.embedder.EclipseLogger - skip non existing resourceDirectory C:\Users\dhanu\OneDrive\Desktop\Advance_Java\Data_Company\src\test\resources
2022-01-07 13:00:44,791 [Worker-23: Building] WARN  o.e.m.c.i.embedder.EclipseLogger - Using platform encoding (Cp1252 actually) to copy filtered resources, i.e. build is platform dependent!
2022-01-07 13:00:44,793 [Worker-23: Building] INFO  o.e.m.c.i.embedder.EclipseLogger - skip non existing resourceDirectory C:\Users\dhanu\OneDrive\Desktop\Advance_Java\Data_Company\src\main\resources
2022-01-07 13:00:44,800 [Worker-23: Building] WARN  o.e.m.c.i.embedder.EclipseLogger - Using platform encoding (Cp1252 actually) to copy filtered resources, i.e. build is platform dependent!
2022-01-07 13:00:44,802 [Worker-23: Building] INFO  o.e.m.c.i.embedder.EclipseLogger - skip non existing resourceDirectory C:\Users\dhanu\OneDrive\Desktop\Advance_Java\Data_Company\src\test\resources
2022-01-07 13:02:26,863 [Worker-29: Building] WARN  o.e.m.c.i.embedder.EclipseLogger - Using platform encoding (Cp1252 actually) to copy filtered resources, i.e. build is platform dependent!
2022-01-07 13:02:26,865 [Worker-29: Building] INFO  o.e.m.c.i.embedder.EclipseLogger - skip non existing resourceDirectory C:\Users\dhanu\OneDrive\Desktop\Advance_Java\Data_Company\src\main\resources
2022-01-07 13:02:26,874 [Worker-29: Building] WARN  o.e.m.c.i.embedder.EclipseLogger - Using platform encoding (Cp1252 actually) to copy filtered resources, i.e. build is platform dependent!
2022-01-07 13:02:26,877 [Worker-29: Building] INFO  o.e.m.c.i.embedder.EclipseLogger - skip non existing resourceDirectory C:\Users\dhanu\OneDrive\Desktop\Advance_Java\Data_Company\src\test\resources
2022-01-07 13:03:36,976 [Worker-29: Building] WARN  o.e.m.c.i.embedder.EclipseLogger - Using platform encoding (Cp1252 actually) to copy filtered resources, i.e. build is platform dependent!
2022-01-07 13:03:36,980 [Worker-29: Building] INFO  o.e.m.c.i.embedder.EclipseLogger - skip non existing resourceDirectory C:\Users\dhanu\OneDrive\Desktop\Advance_Java\Data_Company\src\main\resources
2022-01-07 13:03:36,981 [Worker-29: Building] WARN  o.e.m.c.i.embedder.EclipseLogger - Using platform encoding (Cp1252 actually) to copy filtered resources, i.e. build is platform dependent!
2022-01-07 13:03:36,983 [Worker-29: Building] INFO  o.e.m.c.i.embedder.EclipseLogger - skip non existing resourceDirectory C:\Users\dhanu\OneDrive\Desktop\Advance_Java\Data_Company\src\test\resources
2022-01-07 13:03:40,668 [Worker-30: Building] WARN  o.e.m.c.i.embedder.EclipseLogger - Using platform encoding (Cp1252 actually) to copy filtered resources, i.e. build is platform dependent!
2022-01-07 13:03:40,671 [Worker-30: Building] INFO  o.e.m.c.i.embedder.EclipseLogger - skip non existing resourceDirectory C:\Users\dhanu\OneDrive\Desktop\Advance_Java\Data_Company\src\main\resources
2022-01-07 13:03:40,673 [Worker-30: Building] WARN  o.e.m.c.i.embedder.EclipseLogger - Using platform encoding (Cp1252 actually) to copy filtered resources, i.e. build is platform dependent!
2022-01-07 13:03:40,675 [Worker-30: Building] INFO  o.e.m.c.i.embedder.EclipseLogger - skip non existing resourceDirectory C:\Users\dhanu\OneDrive\Desktop\Advance_Java\Data_Company\src\test\resources
2022-01-07 13:06:08,464 [Worker-23: Building] WARN  o.e.m.c.i.embedder.EclipseLogger - Using platform encoding (Cp1252 actually) to copy filtered resources, i.e. build is platform dependent!
2022-01-07 13:06:08,465 [Worker-23: Building] INFO  o.e.m.c.i.embedder.EclipseLogger - skip non existing resourceDirectory C:\Users\dhanu\OneDrive\Desktop\Advance_Java\Data_Company\src\main\resources
2022-01-07 13:06:08,479 [Worker-23: Building] WARN  o.e.m.c.i.embedder.EclipseLogger - Using platform encoding (Cp1252 actually) to copy filtered resources, i.e. build is platform dependent!
2022-01-07 13:06:08,481 [Worker-23: Building] INFO  o.e.m.c.i.embedder.EclipseLogger - skip non existing resourceDirectory C:\Users\dhanu\OneDrive\Desktop\Advance_Java\Data_Company\src\test\resources
2022-01-07 13:22:34,773 [Worker-34: Building] WARN  o.e.m.c.i.embedder.EclipseLogger - Using platform encoding (Cp1252 actually) to copy filtered resources, i.e. build is platform dependent!
2022-01-07 13:22:34,778 [Worker-34: Building] INFO  o.e.m.c.i.embedder.EclipseLogger - skip non existing resourceDirectory C:\Users\dhanu\OneDrive\Desktop\Advance_Java\Data_Company\src\main\resources
2022-01-07 13:22:34,781 [Worker-34: Building] WARN  o.e.m.c.i.embedder.EclipseLogger - Using platform encoding (Cp1252 actually) to copy filtered resources, i.e. build is platform dependent!
2022-01-07 13:22:34,783 [Worker-34: Building] INFO  o.e.m.c.i.embedder.EclipseLogger - skip non existing resourceDirectory C:\Users\dhanu\OneDrive\Desktop\Advance_Java\Data_Company\src\test\resources
2022-01-07 13:24:13,782 [Worker-36: Building] WARN  o.e.m.c.i.embedder.EclipseLogger - Using platform encoding (Cp1252 actually) to copy filtered resources, i.e. build is platform dependent!
2022-01-07 13:24:13,793 [Worker-36: Building] INFO  o.e.m.c.i.embedder.EclipseLogger - skip non existing resourceDirectory C:\Users\dhanu\OneDrive\Desktop\Advance_Java\Data_Company\src\main\resources
2022-01-07 13:24:13,797 [Worker-36: Building] WARN  o.e.m.c.i.embedder.EclipseLogger - Using platform encoding (Cp1252 actually) to copy filtered resources, i.e. build is platform dependent!
2022-01-07 13:24:13,800 [Worker-36: Building] INFO  o.e.m.c.i.embedder.EclipseLogger - skip non existing resourceDirectory C:\Users\dhanu\OneDrive\Desktop\Advance_Java\Data_Company\src\test\resources
2022-01-07 13:27:47,196 [Worker-31: Building] WARN  o.e.m.c.i.embedder.EclipseLogger - Using platform encoding (Cp1252 actually) to copy filtered resources, i.e. build is platform dependent!
2022-01-07 13:27:47,200 [Worker-31: Building] INFO  o.e.m.c.i.embedder.EclipseLogger - skip non existing resourceDirectory C:\Users\dhanu\OneDrive\Desktop\Advance_Java\Data_Company\src\main\resources
2022-01-07 13:27:47,202 [Worker-31: Building] WARN  o.e.m.c.i.embedder.EclipseLogger - Using platform encoding (Cp1252 actually) to copy filtered resources, i.e. build is platform dependent!
2022-01-07 13:27:47,204 [Worker-31: Building] INFO  o.e.m.c.i.embedder.EclipseLogger - skip non existing resourceDirectory C:\Users\dhanu\OneDrive\Desktop\Advance_Java\Data_Company\src\test\resources
2022-01-07 13:28:50,610 [Worker-39: Building] WARN  o.e.m.c.i.embedder.EclipseLogger - Using platform encoding (Cp1252 actually) to copy filtered resources, i.e. build is platform dependent!
2022-01-07 13:28:50,611 [Worker-39: Building] INFO  o.e.m.c.i.embedder.EclipseLogger - skip non existing resourceDirectory C:\Users\dhanu\OneDrive\Desktop\Advance_Java\Data_Company\src\main\resources
2022-01-07 13:28:50,616 [Worker-39: Building] WARN  o.e.m.c.i.embedder.EclipseLogger - Using platform encoding (Cp1252 actually) to copy filtered resources, i.e. build is platform dependent!
2022-01-07 13:28:50,619 [Worker-39: Building] INFO  o.e.m.c.i.embedder.EclipseLogger - skip non existing resourceDirectory C:\Users\dhanu\OneDrive\Desktop\Advance_Java\Data_Company\src\test\resources
2022-01-07 13:34:55,539 [Worker-40: Building] WARN  o.e.m.c.i.embedder.EclipseLogger - Using platform encoding (Cp1252 actually) to copy filtered resources, i.e. build is platform dependent!
2022-01-07 13:34:55,542 [Worker-40: Building] INFO  o.e.m.c.i.embedder.EclipseLogger - skip non existing resourceDirectory C:\Users\dhanu\OneDrive\Desktop\Advance_Java\Data_Company\src\main\resources
2022-01-07 13:34:55,544 [Worker-40: Building] WARN  o.e.m.c.i.embedder.EclipseLogger - Using platform encoding (Cp1252 actually) to copy filtered resources, i.e. build is platform dependent!
2022-01-07 13:34:55,545 [Worker-40: Building] INFO  o.e.m.c.i.embedder.EclipseLogger - skip non existing resourceDirectory C:\Users\dhanu\OneDrive\Desktop\Advance_Java\Data_Company\src\test\resources
2022-01-07 13:35:07,454 [Worker-42: Building] WARN  o.e.m.c.i.embedder.EclipseLogger - Using platform encoding (Cp1252 actually) to copy filtered resources, i.e. build is platform dependent!
2022-01-07 13:35:07,457 [Worker-42: Building] INFO  o.e.m.c.i.embedder.EclipseLogger - skip non existing resourceDirectory C:\Users\dhanu\OneDrive\Desktop\Advance_Java\Data_Company\src\main\resources
2022-01-07 13:35:07,463 [Worker-42: Building] WARN  o.e.m.c.i.embedder.EclipseLogger - Using platform encoding (Cp1252 actually) to copy filtered resources, i.e. build is platform dependent!
2022-01-07 13:35:07,465 [Worker-42: Building] INFO  o.e.m.c.i.embedder.EclipseLogger - skip non existing resourceDirectory C:\Users\dhanu\OneDrive\Desktop\Advance_Java\Data_Company\src\test\resources
2022-01-07 13:37:30,183 [Worker-43: Building] WARN  o.e.m.c.i.embedder.EclipseLogger - Using platform encoding (Cp1252 actually) to copy filtered resources, i.e. build is platform dependent!
2022-01-07 13:37:30,186 [Worker-43: Building] INFO  o.e.m.c.i.embedder.EclipseLogger - skip non existing resourceDirectory C:\Users\dhanu\OneDrive\Desktop\Advance_Java\Data_Company\src\main\resources
2022-01-07 13:37:30,188 [Worker-43: Building] WARN  o.e.m.c.i.embedder.EclipseLogger - Using platform encoding (Cp1252 actually) to copy filtered resources, i.e. build is platform dependent!
2022-01-07 13:37:30,190 [Worker-43: Building] INFO  o.e.m.c.i.embedder.EclipseLogger - skip non existing resourceDirectory C:\Users\dhanu\OneDrive\Desktop\Advance_Java\Data_Company\src\test\resources
2022-01-07 13:38:14,505 [Worker-43: Building] WARN  o.e.m.c.i.embedder.EclipseLogger - Using platform encoding (Cp1252 actually) to copy filtered resources, i.e. build is platform dependent!
2022-01-07 13:38:14,508 [Worker-43: Building] INFO  o.e.m.c.i.embedder.EclipseLogger - skip non existing resourceDirectory C:\Users\dhanu\OneDrive\Desktop\Advance_Java\Data_Company\src\main\resources
2022-01-07 13:38:14,510 [Worker-43: Building] WARN  o.e.m.c.i.embedder.EclipseLogger - Using platform encoding (Cp1252 actually) to copy filtered resources, i.e. build is platform dependent!
2022-01-07 13:38:14,513 [Worker-43: Building] INFO  o.e.m.c.i.embedder.EclipseLogger - skip non existing resourceDirectory C:\Users\dhanu\OneDrive\Desktop\Advance_Java\Data_Company\src\test\resources
2022-01-07 13:51:34,455 [Worker-48: Building] WARN  o.e.m.c.i.embedder.EclipseLogger - Using platform encoding (Cp1252 actually) to copy filtered resources, i.e. build is platform dependent!
2022-01-07 13:51:34,466 [Worker-48: Building] INFO  o.e.m.c.i.embedder.EclipseLogger - skip non existing resourceDirectory C:\Users\dhanu\OneDrive\Desktop\Advance_Java\Data_Company\src\main\resources
2022-01-07 13:51:34,472 [Worker-48: Building] WARN  o.e.m.c.i.embedder.EclipseLogger - Using platform encoding (Cp1252 actually) to copy filtered resources, i.e. build is platform dependent!
2022-01-07 13:51:34,475 [Worker-48: Building] INFO  o.e.m.c.i.embedder.EclipseLogger - skip non existing resourceDirectory C:\Users\dhanu\OneDrive\Desktop\Advance_Java\Data_Company\src\test\resources
2022-01-07 13:52:58,073 [Worker-48: Building] WARN  o.e.m.c.i.embedder.EclipseLogger - Using platform encoding (Cp1252 actually) to copy filtered resources, i.e. build is platform dependent!
2022-01-07 13:52:58,084 [Worker-48: Building] INFO  o.e.m.c.i.embedder.EclipseLogger - skip non existing resourceDirectory C:\Users\dhanu\OneDrive\Desktop\Advance_Java\Data_Company\src\main\resources
2022-01-07 13:52:58,088 [Worker-48: Building] WARN  o.e.m.c.i.embedder.EclipseLogger - Using platform encoding (Cp1252 actually) to copy filtered resources, i.e. build is platform dependent!
2022-01-07 13:52:58,090 [Worker-48: Building] INFO  o.e.m.c.i.embedder.EclipseLogger - skip non existing resourceDirectory C:\Users\dhanu\OneDrive\Desktop\Advance_Java\Data_Company\src\test\resources
2022-01-07 14:08:40,009 [Worker-59: Building] WARN  o.e.m.c.i.embedder.EclipseLogger - Using platform encoding (Cp1252 actually) to copy filtered resources, i.e. build is platform dependent!
2022-01-07 14:08:40,012 [Worker-59: Building] INFO  o.e.m.c.i.embedder.EclipseLogger - skip non existing resourceDirectory C:\Users\dhanu\OneDrive\Desktop\Advance_Java\Data_Company\src\main\resources
2022-01-07 14:08:40,014 [Worker-59: Building] WARN  o.e.m.c.i.embedder.EclipseLogger - Using platform encoding (Cp1252 actually) to copy filtered resources, i.e. build is platform dependent!
2022-01-07 14:08:40,015 [Worker-59: Building] INFO  o.e.m.c.i.embedder.EclipseLogger - skip non existing resourceDirectory C:\Users\dhanu\OneDrive\Desktop\Advance_Java\Data_Company\src\test\resources
2022-01-07 14:09:48,878 [Worker-51: Building] WARN  o.e.m.c.i.embedder.EclipseLogger - Using platform encoding (Cp1252 actually) to copy filtered resources, i.e. build is platform dependent!
2022-01-07 14:09:48,881 [Worker-51: Building] INFO  o.e.m.c.i.embedder.EclipseLogger - skip non existing resourceDirectory C:\Users\dhanu\OneDrive\Desktop\Advance_Java\Data_Company\src\main\resources
2022-01-07 14:09:48,884 [Worker-51: Building] WARN  o.e.m.c.i.embedder.EclipseLogger - Using platform encoding (Cp1252 actually) to copy filtered resources, i.e. build is platform dependent!
2022-01-07 14:09:48,888 [Worker-51: Building] INFO  o.e.m.c.i.embedder.EclipseLogger - skip non existing resourceDirectory C:\Users\dhanu\OneDrive\Desktop\Advance_Java\Data_Company\src\test\resources
2022-01-07 14:12:16,463 [Worker-61: Building] WARN  o.e.m.c.i.embedder.EclipseLogger - Using platform encoding (Cp1252 actually) to copy filtered resources, i.e. build is platform dependent!
2022-01-07 14:12:16,465 [Worker-61: Building] INFO  o.e.m.c.i.embedder.EclipseLogger - skip non existing resourceDirectory C:\Users\dhanu\OneDrive\Desktop\Advance_Java\Data_Company\src\main\resources
2022-01-07 14:12:16,466 [Worker-61: Building] WARN  o.e.m.c.i.embedder.EclipseLogger - Using platform encoding (Cp1252 actually) to copy filtered resources, i.e. build is platform dependent!
2022-01-07 14:12:16,468 [Worker-61: Building] INFO  o.e.m.c.i.embedder.EclipseLogger - skip non existing resourceDirectory C:\Users\dhanu\OneDrive\Desktop\Advance_Java\Data_Company\src\test\resources
2022-01-07 14:15:52,981 [Worker-64: Building] WARN  o.e.m.c.i.embedder.EclipseLogger - Using platform encoding (Cp1252 actually) to copy filtered resources, i.e. build is platform dependent!
2022-01-07 14:15:52,984 [Worker-64: Building] INFO  o.e.m.c.i.embedder.EclipseLogger - skip non existing resourceDirectory C:\Users\dhanu\OneDrive\Desktop\Advance_Java\Data_Company\src\main\resources
2022-01-07 14:15:52,987 [Worker-64: Building] WARN  o.e.m.c.i.embedder.EclipseLogger - Using platform encoding (Cp1252 actually) to copy filtered resources, i.e. build is platform dependent!
2022-01-07 14:15:52,988 [Worker-64: Building] INFO  o.e.m.c.i.embedder.EclipseLogger - skip non existing resourceDirectory C:\Users\dhanu\OneDrive\Desktop\Advance_Java\Data_Company\src\test\resources
2022-01-07 14:17:32,017 [Worker-65: Building] WARN  o.e.m.c.i.embedder.EclipseLogger - Using platform encoding (Cp1252 actually) to copy filtered resources, i.e. build is platform dependent!
2022-01-07 14:17:32,020 [Worker-65: Building] INFO  o.e.m.c.i.embedder.EclipseLogger - skip non existing resourceDirectory C:\Users\dhanu\OneDrive\Desktop\Advance_Java\Data_Company\src\main\resources
2022-01-07 14:17:32,022 [Worker-65: Building] WARN  o.e.m.c.i.embedder.EclipseLogger - Using platform encoding (Cp1252 actually) to copy filtered resources, i.e. build is platform dependent!
2022-01-07 14:17:32,024 [Worker-65: Building] INFO  o.e.m.c.i.embedder.EclipseLogger - skip non existing resourceDirectory C:\Users\dhanu\OneDrive\Desktop\Advance_Java\Data_Company\src\test\resources
2022-01-07 20:33:51,134 [Worker-0: Loading available Gradle versions] INFO  o.e.b.c.i.u.g.PublishedGradleVersions - Gradle version information cache is out-of-date. Trying to update.
2022-01-07 20:34:55,615 [Worker-3: Building] WARN  o.e.m.c.i.embedder.EclipseLogger - Using platform encoding (Cp1252 actually) to copy filtered resources, i.e. build is platform dependent!
2022-01-07 20:34:55,623 [Worker-3: Building] INFO  o.e.m.c.i.embedder.EclipseLogger - skip non existing resourceDirectory C:\Users\dhanu\OneDrive\Desktop\Advance_Java\Data_Company\src\main\resources
2022-01-07 20:34:55,626 [Worker-3: Building] WARN  o.e.m.c.i.embedder.EclipseLogger - Using platform encoding (Cp1252 actually) to copy filtered resources, i.e. build is platform dependent!
2022-01-07 20:34:55,628 [Worker-3: Building] INFO  o.e.m.c.i.embedder.EclipseLogger - skip non existing resourceDirectory C:\Users\dhanu\OneDrive\Desktop\Advance_Java\Data_Company\src\test\resources
2022-01-07 20:35:13,038 [Worker-2: Building] WARN  o.e.m.c.i.embedder.EclipseLogger - Using platform encoding (Cp1252 actually) to copy filtered resources, i.e. build is platform dependent!
2022-01-07 20:35:13,041 [Worker-2: Building] INFO  o.e.m.c.i.embedder.EclipseLogger - skip non existing resourceDirectory C:\Users\dhanu\OneDrive\Desktop\Advance_Java\Data_Company\src\main\resources
2022-01-07 20:35:13,049 [Worker-2: Building] WARN  o.e.m.c.i.embedder.EclipseLogger - Using platform encoding (Cp1252 actually) to copy filtered resources, i.e. build is platform dependent!
2022-01-07 20:35:13,051 [Worker-2: Building] INFO  o.e.m.c.i.embedder.EclipseLogger - skip non existing resourceDirectory C:\Users\dhanu\OneDrive\Desktop\Advance_Java\Data_Company\src\test\resources
2022-01-07 20:35:29,323 [Worker-1: Building] WARN  o.e.m.c.i.embedder.EclipseLogger - Using platform encoding (Cp1252 actually) to copy filtered resources, i.e. build is platform dependent!
2022-01-07 20:35:29,330 [Worker-1: Building] INFO  o.e.m.c.i.embedder.EclipseLogger - skip non existing resourceDirectory C:\Users\dhanu\OneDrive\Desktop\Advance_Java\Data_Company\src\main\resources
2022-01-07 20:35:29,332 [Worker-1: Building] WARN  o.e.m.c.i.embedder.EclipseLogger - Using platform encoding (Cp1252 actually) to copy filtered resources, i.e. build is platform dependent!
2022-01-07 20:35:29,334 [Worker-1: Building] INFO  o.e.m.c.i.embedder.EclipseLogger - skip non existing resourceDirectory C:\Users\dhanu\OneDrive\Desktop\Advance_Java\Data_Company\src\test\resources
2022-01-07 20:35:57,908 [Worker-2: Building] WARN  o.e.m.c.i.embedder.EclipseLogger - Using platform encoding (Cp1252 actually) to copy filtered resources, i.e. build is platform dependent!
2022-01-07 20:35:57,919 [Worker-2: Building] INFO  o.e.m.c.i.embedder.EclipseLogger - skip non existing resourceDirectory C:\Users\dhanu\OneDrive\Desktop\Advance_Java\Data_Company\src\main\resources
2022-01-07 20:35:57,921 [Worker-2: Building] WARN  o.e.m.c.i.embedder.EclipseLogger - Using platform encoding (Cp1252 actually) to copy filtered resources, i.e. build is platform dependent!
2022-01-07 20:35:57,923 [Worker-2: Building] INFO  o.e.m.c.i.embedder.EclipseLogger - skip non existing resourceDirectory C:\Users\dhanu\OneDrive\Desktop\Advance_Java\Data_Company\src\test\resources
2022-01-07 20:36:28,347 [Worker-5: Building] WARN  o.e.m.c.i.embedder.EclipseLogger - Using platform encoding (Cp1252 actually) to copy filtered resources, i.e. build is platform dependent!
2022-01-07 20:36:28,349 [Worker-5: Building] INFO  o.e.m.c.i.embedder.EclipseLogger - skip non existing resourceDirectory C:\Users\dhanu\OneDrive\Desktop\Advance_Java\Data_Company\src\main\resources
2022-01-07 20:36:28,352 [Worker-5: Building] WARN  o.e.m.c.i.embedder.EclipseLogger - Using platform encoding (Cp1252 actually) to copy filtered resources, i.e. build is platform dependent!
2022-01-07 20:36:28,354 [Worker-5: Building] INFO  o.e.m.c.i.embedder.EclipseLogger - skip non existing resourceDirectory C:\Users\dhanu\OneDrive\Desktop\Advance_Java\Data_Company\src\test\resources
2022-01-07 20:36:58,619 [Worker-5: Building] WARN  o.e.m.c.i.embedder.EclipseLogger - Using platform encoding (Cp1252 actually) to copy filtered resources, i.e. build is platform dependent!
2022-01-07 20:36:58,622 [Worker-5: Building] INFO  o.e.m.c.i.embedder.EclipseLogger - skip non existing resourceDirectory C:\Users\dhanu\OneDrive\Desktop\Advance_Java\Data_Company\src\main\resources
2022-01-07 20:36:58,625 [Worker-5: Building] WARN  o.e.m.c.i.embedder.EclipseLogger - Using platform encoding (Cp1252 actually) to copy filtered resources, i.e. build is platform dependent!
2022-01-07 20:36:58,630 [Worker-5: Building] INFO  o.e.m.c.i.embedder.EclipseLogger - skip non existing resourceDirectory C:\Users\dhanu\OneDrive\Desktop\Advance_Java\Data_Company\src\test\resources
2022-01-07 20:37:25,712 [Worker-4: Building] WARN  o.e.m.c.i.embedder.EclipseLogger - Using platform encoding (Cp1252 actually) to copy filtered resources, i.e. build is platform dependent!
2022-01-07 20:37:25,714 [Worker-4: Building] INFO  o.e.m.c.i.embedder.EclipseLogger - skip non existing resourceDirectory C:\Users\dhanu\OneDrive\Desktop\Advance_Java\Data_Company\src\main\resources
2022-01-07 20:37:25,716 [Worker-4: Building] WARN  o.e.m.c.i.embedder.EclipseLogger - Using platform encoding (Cp1252 actually) to copy filtered resources, i.e. build is platform dependent!
2022-01-07 20:37:25,719 [Worker-4: Building] INFO  o.e.m.c.i.embedder.EclipseLogger - skip non existing resourceDirectory C:\Users\dhanu\OneDrive\Desktop\Advance_Java\Data_Company\src\test\resources
2022-01-07 20:44:22,098 [Worker-1: Building] WARN  o.e.m.c.i.embedder.EclipseLogger - Using platform encoding (Cp1252 actually) to copy filtered resources, i.e. build is platform dependent!
2022-01-07 20:44:22,102 [Worker-1: Building] INFO  o.e.m.c.i.embedder.EclipseLogger - skip non existing resourceDirectory C:\Users\dhanu\OneDrive\Desktop\Advance_Java\Data_Company\src\main\resources
2022-01-07 20:44:22,109 [Worker-1: Building] WARN  o.e.m.c.i.embedder.EclipseLogger - Using platform encoding (Cp1252 actually) to copy filtered resources, i.e. build is platform dependent!
2022-01-07 20:44:22,112 [Worker-1: Building] INFO  o.e.m.c.i.embedder.EclipseLogger - skip non existing resourceDirectory C:\Users\dhanu\OneDrive\Desktop\Advance_Java\Data_Company\src\test\resources
2022-01-07 20:45:38,623 [Worker-8: Building] WARN  o.e.m.c.i.embedder.EclipseLogger - Using platform encoding (Cp1252 actually) to copy filtered resources, i.e. build is platform dependent!
2022-01-07 20:45:38,625 [Worker-8: Building] INFO  o.e.m.c.i.embedder.EclipseLogger - skip non existing resourceDirectory C:\Users\dhanu\OneDrive\Desktop\Advance_Java\Data_Company\src\main\resources
2022-01-07 20:45:38,627 [Worker-8: Building] WARN  o.e.m.c.i.embedder.EclipseLogger - Using platform encoding (Cp1252 actually) to copy filtered resources, i.e. build is platform dependent!
2022-01-07 20:45:38,629 [Worker-8: Building] INFO  o.e.m.c.i.embedder.EclipseLogger - skip non existing resourceDirectory C:\Users\dhanu\OneDrive\Desktop\Advance_Java\Data_Company\src\test\resources
2022-01-07 20:48:04,010 [Worker-6: Building] WARN  o.e.m.c.i.embedder.EclipseLogger - Using platform encoding (Cp1252 actually) to copy filtered resources, i.e. build is platform dependent!
2022-01-07 20:48:04,013 [Worker-6: Building] INFO  o.e.m.c.i.embedder.EclipseLogger - skip non existing resourceDirectory C:\Users\dhanu\OneDrive\Desktop\Advance_Java\Data_Company\src\main\resources
2022-01-07 20:48:04,015 [Worker-6: Building] WARN  o.e.m.c.i.embedder.EclipseLogger - Using platform encoding (Cp1252 actually) to copy filtered resources, i.e. build is platform dependent!
2022-01-07 20:48:04,017 [Worker-6: Building] INFO  o.e.m.c.i.embedder.EclipseLogger - skip non existing resourceDirectory C:\Users\dhanu\OneDrive\Desktop\Advance_Java\Data_Company\src\test\resources
2022-01-07 20:53:50,784 [Worker-7: Building] WARN  o.e.m.c.i.embedder.EclipseLogger - Using platform encoding (Cp1252 actually) to copy filtered resources, i.e. build is platform dependent!
2022-01-07 20:53:50,788 [Worker-7: Building] INFO  o.e.m.c.i.embedder.EclipseLogger - skip non existing resourceDirectory C:\Users\dhanu\OneDrive\Desktop\Advance_Java\Data_Company\src\main\resources
2022-01-07 20:53:50,790 [Worker-7: Building] WARN  o.e.m.c.i.embedder.EclipseLogger - Using platform encoding (Cp1252 actually) to copy filtered resources, i.e. build is platform dependent!
2022-01-07 20:53:50,793 [Worker-7: Building] INFO  o.e.m.c.i.embedder.EclipseLogger - skip non existing resourceDirectory C:\Users\dhanu\OneDrive\Desktop\Advance_Java\Data_Company\src\test\resources
2022-01-07 21:05:28,014 [Worker-5: Building] WARN  o.e.m.c.i.embedder.EclipseLogger - Using platform encoding (Cp1252 actually) to copy filtered resources, i.e. build is platform dependent!
2022-01-07 21:05:28,016 [Worker-5: Building] INFO  o.e.m.c.i.embedder.EclipseLogger - skip non existing resourceDirectory C:\Users\dhanu\OneDrive\Desktop\Advance_Java\Data_Company\src\main\resources
2022-01-07 21:05:28,018 [Worker-5: Building] WARN  o.e.m.c.i.embedder.EclipseLogger - Using platform encoding (Cp1252 actually) to copy filtered resources, i.e. build is platform dependent!
2022-01-07 21:05:28,020 [Worker-5: Building] INFO  o.e.m.c.i.embedder.EclipseLogger - skip non existing resourceDirectory C:\Users\dhanu\OneDrive\Desktop\Advance_Java\Data_Company\src\test\resources
2022-01-07 21:07:08,319 [Worker-13: Building] WARN  o.e.m.c.i.embedder.EclipseLogger - Using platform encoding (Cp1252 actually) to copy filtered resources, i.e. build is platform dependent!
2022-01-07 21:07:08,322 [Worker-13: Building] INFO  o.e.m.c.i.embedder.EclipseLogger - skip non existing resourceDirectory C:\Users\dhanu\OneDrive\Desktop\Advance_Java\Data_Company\src\main\resources
2022-01-07 21:07:08,325 [Worker-13: Building] WARN  o.e.m.c.i.embedder.EclipseLogger - Using platform encoding (Cp1252 actually) to copy filtered resources, i.e. build is platform dependent!
2022-01-07 21:07:08,327 [Worker-13: Building] INFO  o.e.m.c.i.embedder.EclipseLogger - skip non existing resourceDirectory C:\Users\dhanu\OneDrive\Desktop\Advance_Java\Data_Company\src\test\resources
2022-01-07 21:07:35,245 [Worker-13: Building] WARN  o.e.m.c.i.embedder.EclipseLogger - Using platform encoding (Cp1252 actually) to copy filtered resources, i.e. build is platform dependent!
2022-01-07 21:07:35,247 [Worker-13: Building] INFO  o.e.m.c.i.embedder.EclipseLogger - skip non existing resourceDirectory C:\Users\dhanu\OneDrive\Desktop\Advance_Java\Data_Company\src\main\resources
2022-01-07 21:07:35,249 [Worker-13: Building] WARN  o.e.m.c.i.embedder.EclipseLogger - Using platform encoding (Cp1252 actually) to copy filtered resources, i.e. build is platform dependent!
2022-01-07 21:07:35,251 [Worker-13: Building] INFO  o.e.m.c.i.embedder.EclipseLogger - skip non existing resourceDirectory C:\Users\dhanu\OneDrive\Desktop\Advance_Java\Data_Company\src\test\resources
2022-01-07 21:07:48,844 [Worker-14: Building] WARN  o.e.m.c.i.embedder.EclipseLogger - Using platform encoding (Cp1252 actually) to copy filtered resources, i.e. build is platform dependent!
2022-01-07 21:07:48,847 [Worker-14: Building] INFO  o.e.m.c.i.embedder.EclipseLogger - skip non existing resourceDirectory C:\Users\dhanu\OneDrive\Desktop\Advance_Java\Data_Company\src\main\resources
2022-01-07 21:07:48,851 [Worker-14: Building] WARN  o.e.m.c.i.embedder.EclipseLogger - Using platform encoding (Cp1252 actually) to copy filtered resources, i.e. build is platform dependent!
2022-01-07 21:07:48,854 [Worker-14: Building] INFO  o.e.m.c.i.embedder.EclipseLogger - skip non existing resourceDirectory C:\Users\dhanu\OneDrive\Desktop\Advance_Java\Data_Company\src\test\resources
2022-01-07 21:08:23,831 [Worker-10: Building] WARN  o.e.m.c.i.embedder.EclipseLogger - Using platform encoding (Cp1252 actually) to copy filtered resources, i.e. build is platform dependent!
2022-01-07 21:08:23,833 [Worker-10: Building] INFO  o.e.m.c.i.embedder.EclipseLogger - skip non existing resourceDirectory C:\Users\dhanu\OneDrive\Desktop\Advance_Java\Data_Company\src\main\resources
2022-01-07 21:08:23,837 [Worker-10: Building] WARN  o.e.m.c.i.embedder.EclipseLogger - Using platform encoding (Cp1252 actually) to copy filtered resources, i.e. build is platform dependent!
2022-01-07 21:08:23,841 [Worker-10: Building] INFO  o.e.m.c.i.embedder.EclipseLogger - skip non existing resourceDirectory C:\Users\dhanu\OneDrive\Desktop\Advance_Java\Data_Company\src\test\resources
2022-01-07 21:08:41,004 [Worker-13: Building] WARN  o.e.m.c.i.embedder.EclipseLogger - Using platform encoding (Cp1252 actually) to copy filtered resources, i.e. build is platform dependent!
2022-01-07 21:08:41,006 [Worker-13: Building] INFO  o.e.m.c.i.embedder.EclipseLogger - skip non existing resourceDirectory C:\Users\dhanu\OneDrive\Desktop\Advance_Java\Data_Company\src\main\resources
2022-01-07 21:08:41,009 [Worker-13: Building] WARN  o.e.m.c.i.embedder.EclipseLogger - Using platform encoding (Cp1252 actually) to copy filtered resources, i.e. build is platform dependent!
2022-01-07 21:08:41,011 [Worker-13: Building] INFO  o.e.m.c.i.embedder.EclipseLogger - skip non existing resourceDirectory C:\Users\dhanu\OneDrive\Desktop\Advance_Java\Data_Company\src\test\resources
2022-01-07 21:08:50,431 [Worker-14: Building] WARN  o.e.m.c.i.embedder.EclipseLogger - Using platform encoding (Cp1252 actually) to copy filtered resources, i.e. build is platform dependent!
2022-01-07 21:08:50,434 [Worker-14: Building] INFO  o.e.m.c.i.embedder.EclipseLogger - skip non existing resourceDirectory C:\Users\dhanu\OneDrive\Desktop\Advance_Java\Data_Company\src\main\resources
2022-01-07 21:08:50,436 [Worker-14: Building] WARN  o.e.m.c.i.embedder.EclipseLogger - Using platform encoding (Cp1252 actually) to copy filtered resources, i.e. build is platform dependent!
2022-01-07 21:08:50,438 [Worker-14: Building] INFO  o.e.m.c.i.embedder.EclipseLogger - skip non existing resourceDirectory C:\Users\dhanu\OneDrive\Desktop\Advance_Java\Data_Company\src\test\resources
2022-01-07 21:09:37,457 [Worker-14: Building] WARN  o.e.m.c.i.embedder.EclipseLogger - Using platform encoding (Cp1252 actually) to copy filtered resources, i.e. build is platform dependent!
2022-01-07 21:09:37,460 [Worker-14: Building] INFO  o.e.m.c.i.embedder.EclipseLogger - skip non existing resourceDirectory C:\Users\dhanu\OneDrive\Desktop\Advance_Java\Data_Company\src\main\resources
2022-01-07 21:09:37,466 [Worker-14: Building] WARN  o.e.m.c.i.embedder.EclipseLogger - Using platform encoding (Cp1252 actually) to copy filtered resources, i.e. build is platform dependent!
2022-01-07 21:09:37,469 [Worker-14: Building] INFO  o.e.m.c.i.embedder.EclipseLogger - skip non existing resourceDirectory C:\Users\dhanu\OneDrive\Desktop\Advance_Java\Data_Company\src\test\resources
2022-01-07 21:10:06,102 [Worker-14: Building] WARN  o.e.m.c.i.embedder.EclipseLogger - Using platform encoding (Cp1252 actually) to copy filtered resources, i.e. build is platform dependent!
2022-01-07 21:10:06,108 [Worker-14: Building] INFO  o.e.m.c.i.embedder.EclipseLogger - skip non existing resourceDirectory C:\Users\dhanu\OneDrive\Desktop\Advance_Java\Data_Company\src\main\resources
2022-01-07 21:10:06,110 [Worker-14: Building] WARN  o.e.m.c.i.embedder.EclipseLogger - Using platform encoding (Cp1252 actually) to copy filtered resources, i.e. build is platform dependent!
2022-01-07 21:10:06,112 [Worker-14: Building] INFO  o.e.m.c.i.embedder.EclipseLogger - skip non existing resourceDirectory C:\Users\dhanu\OneDrive\Desktop\Advance_Java\Data_Company\src\test\resources
2022-01-07 21:13:57,048 [Worker-15: Building] WARN  o.e.m.c.i.embedder.EclipseLogger - Using platform encoding (Cp1252 actually) to copy filtered resources, i.e. build is platform dependent!
2022-01-07 21:13:57,051 [Worker-15: Building] INFO  o.e.m.c.i.embedder.EclipseLogger - skip non existing resourceDirectory C:\Users\dhanu\OneDrive\Desktop\Advance_Java\Data_Company\src\main\resources
2022-01-07 21:13:57,053 [Worker-15: Building] WARN  o.e.m.c.i.embedder.EclipseLogger - Using platform encoding (Cp1252 actually) to copy filtered resources, i.e. build is platform dependent!
2022-01-07 21:13:57,055 [Worker-15: Building] INFO  o.e.m.c.i.embedder.EclipseLogger - skip non existing resourceDirectory C:\Users\dhanu\OneDrive\Desktop\Advance_Java\Data_Company\src\test\resources
2022-01-07 21:15:33,007 [Worker-12: Building] WARN  o.e.m.c.i.embedder.EclipseLogger - Using platform encoding (Cp1252 actually) to copy filtered resources, i.e. build is platform dependent!
2022-01-07 21:15:33,009 [Worker-12: Building] INFO  o.e.m.c.i.embedder.EclipseLogger - skip non existing resourceDirectory C:\Users\dhanu\OneDrive\Desktop\Advance_Java\Data_Company\src\main\resources
2022-01-07 21:15:33,011 [Worker-12: Building] WARN  o.e.m.c.i.embedder.EclipseLogger - Using platform encoding (Cp1252 actually) to copy filtered resources, i.e. build is platform dependent!
2022-01-07 21:15:33,014 [Worker-12: Building] INFO  o.e.m.c.i.embedder.EclipseLogger - skip non existing resourceDirectory C:\Users\dhanu\OneDrive\Desktop\Advance_Java\Data_Company\src\test\resources
2022-01-07 21:16:10,450 [Worker-15: Building] WARN  o.e.m.c.i.embedder.EclipseLogger - Using platform encoding (Cp1252 actually) to copy filtered resources, i.e. build is platform dependent!
2022-01-07 21:16:10,453 [Worker-15: Building] INFO  o.e.m.c.i.embedder.EclipseLogger - skip non existing resourceDirectory C:\Users\dhanu\OneDrive\Desktop\Advance_Java\Data_Company\src\main\resources
2022-01-07 21:16:10,455 [Worker-15: Building] WARN  o.e.m.c.i.embedder.EclipseLogger - Using platform encoding (Cp1252 actually) to copy filtered resources, i.e. build is platform dependent!
2022-01-07 21:16:10,458 [Worker-15: Building] INFO  o.e.m.c.i.embedder.EclipseLogger - skip non existing resourceDirectory C:\Users\dhanu\OneDrive\Desktop\Advance_Java\Data_Company\src\test\resources
2022-01-07 21:22:10,849 [Worker-16: Building] WARN  o.e.m.c.i.embedder.EclipseLogger - Using platform encoding (Cp1252 actually) to copy filtered resources, i.e. build is platform dependent!
2022-01-07 21:22:10,851 [Worker-16: Building] INFO  o.e.m.c.i.embedder.EclipseLogger - skip non existing resourceDirectory C:\Users\dhanu\OneDrive\Desktop\Advance_Java\Data_Company\src\main\resources
2022-01-07 21:22:10,856 [Worker-16: Building] WARN  o.e.m.c.i.embedder.EclipseLogger - Using platform encoding (Cp1252 actually) to copy filtered resources, i.e. build is platform dependent!
2022-01-07 21:22:10,858 [Worker-16: Building] INFO  o.e.m.c.i.embedder.EclipseLogger - skip non existing resourceDirectory C:\Users\dhanu\OneDrive\Desktop\Advance_Java\Data_Company\src\test\resources
2022-01-07 21:27:14,516 [Worker-17: Building] WARN  o.e.m.c.i.embedder.EclipseLogger - Using platform encoding (Cp1252 actually) to copy filtered resources, i.e. build is platform dependent!
2022-01-07 21:27:14,519 [Worker-17: Building] INFO  o.e.m.c.i.embedder.EclipseLogger - skip non existing resourceDirectory C:\Users\dhanu\OneDrive\Desktop\Advance_Java\Data_Company\src\main\resources
2022-01-07 21:27:14,521 [Worker-17: Building] WARN  o.e.m.c.i.embedder.EclipseLogger - Using platform encoding (Cp1252 actually) to copy filtered resources, i.e. build is platform dependent!
2022-01-07 21:27:14,522 [Worker-17: Building] INFO  o.e.m.c.i.embedder.EclipseLogger - skip non existing resourceDirectory C:\Users\dhanu\OneDrive\Desktop\Advance_Java\Data_Company\src\test\resources
2022-01-07 21:28:10,165 [Worker-17: Building] WARN  o.e.m.c.i.embedder.EclipseLogger - Using platform encoding (Cp1252 actually) to copy filtered resources, i.e. build is platform dependent!
2022-01-07 21:28:10,167 [Worker-17: Building] INFO  o.e.m.c.i.embedder.EclipseLogger - skip non existing resourceDirectory C:\Users\dhanu\OneDrive\Desktop\Advance_Java\Data_Company\src\main\resources
2022-01-07 21:28:10,168 [Worker-17: Building] WARN  o.e.m.c.i.embedder.EclipseLogger - Using platform encoding (Cp1252 actually) to copy filtered resources, i.e. build is platform dependent!
2022-01-07 21:28:10,170 [Worker-17: Building] INFO  o.e.m.c.i.embedder.EclipseLogger - skip non existing resourceDirectory C:\Users\dhanu\OneDrive\Desktop\Advance_Java\Data_Company\src\test\resources
2022-01-07 22:30:59,235 [Worker-24: Building] WARN  o.e.m.c.i.embedder.EclipseLogger - Using platform encoding (Cp1252 actually) to copy filtered resources, i.e. build is platform dependent!
2022-01-07 22:30:59,259 [Worker-24: Building] INFO  o.e.m.c.i.embedder.EclipseLogger - skip non existing resourceDirectory C:\Users\dhanu\OneDrive\Desktop\Advance_Java\Data_Company\src\main\resources
2022-01-07 22:30:59,264 [Worker-24: Building] WARN  o.e.m.c.i.embedder.EclipseLogger - Using platform encoding (Cp1252 actually) to copy filtered resources, i.e. build is platform dependent!
2022-01-07 22:30:59,266 [Worker-24: Building] INFO  o.e.m.c.i.embedder.EclipseLogger - skip non existing resourceDirectory C:\Users\dhanu\OneDrive\Desktop\Advance_Java\Data_Company\src\test\resources
2022-01-07 22:31:45,240 [Worker-24: Building] WARN  o.e.m.c.i.embedder.EclipseLogger - Using platform encoding (Cp1252 actually) to copy filtered resources, i.e. build is platform dependent!
2022-01-07 22:31:45,242 [Worker-24: Building] INFO  o.e.m.c.i.embedder.EclipseLogger - skip non existing resourceDirectory C:\Users\dhanu\OneDrive\Desktop\Advance_Java\Data_Company\src\main\resources
2022-01-07 22:31:45,244 [Worker-24: Building] WARN  o.e.m.c.i.embedder.EclipseLogger - Using platform encoding (Cp1252 actually) to copy filtered resources, i.e. build is platform dependent!
2022-01-07 22:31:45,249 [Worker-24: Building] INFO  o.e.m.c.i.embedder.EclipseLogger - skip non existing resourceDirectory C:\Users\dhanu\OneDrive\Desktop\Advance_Java\Data_Company\src\test\resources
2022-01-07 22:32:09,502 [Worker-24: Building] WARN  o.e.m.c.i.embedder.EclipseLogger - Using platform encoding (Cp1252 actually) to copy filtered resources, i.e. build is platform dependent!
2022-01-07 22:32:09,506 [Worker-24: Building] INFO  o.e.m.c.i.embedder.EclipseLogger - skip non existing resourceDirectory C:\Users\dhanu\OneDrive\Desktop\Advance_Java\Data_Company\src\main\resources
2022-01-07 22:32:09,510 [Worker-24: Building] WARN  o.e.m.c.i.embedder.EclipseLogger - Using platform encoding (Cp1252 actually) to copy filtered resources, i.e. build is platform dependent!
2022-01-07 22:32:09,512 [Worker-24: Building] INFO  o.e.m.c.i.embedder.EclipseLogger - skip non existing resourceDirectory C:\Users\dhanu\OneDrive\Desktop\Advance_Java\Data_Company\src\test\resources
2022-01-07 22:36:34,637 [Worker-24: Building] WARN  o.e.m.c.i.embedder.EclipseLogger - Using platform encoding (Cp1252 actually) to copy filtered resources, i.e. build is platform dependent!
2022-01-07 22:36:34,644 [Worker-24: Building] INFO  o.e.m.c.i.embedder.EclipseLogger - skip non existing resourceDirectory C:\Users\dhanu\OneDrive\Desktop\Advance_Java\Data_Company\src\main\resources
2022-01-07 22:36:34,650 [Worker-24: Building] WARN  o.e.m.c.i.embedder.EclipseLogger - Using platform encoding (Cp1252 actually) to copy filtered resources, i.e. build is platform dependent!
2022-01-07 22:36:34,653 [Worker-24: Building] INFO  o.e.m.c.i.embedder.EclipseLogger - skip non existing resourceDirectory C:\Users\dhanu\OneDrive\Desktop\Advance_Java\Data_Company\src\test\resources
2022-01-07 22:37:09,850 [Worker-25: Building] WARN  o.e.m.c.i.embedder.EclipseLogger - Using platform encoding (Cp1252 actually) to copy filtered resources, i.e. build is platform dependent!
2022-01-07 22:37:09,856 [Worker-25: Building] INFO  o.e.m.c.i.embedder.EclipseLogger - skip non existing resourceDirectory C:\Users\dhanu\OneDrive\Desktop\Advance_Java\Data_Company\src\main\resources
2022-01-07 22:37:09,858 [Worker-25: Building] WARN  o.e.m.c.i.embedder.EclipseLogger - Using platform encoding (Cp1252 actually) to copy filtered resources, i.e. build is platform dependent!
2022-01-07 22:37:09,860 [Worker-25: Building] INFO  o.e.m.c.i.embedder.EclipseLogger - skip non existing resourceDirectory C:\Users\dhanu\OneDrive\Desktop\Advance_Java\Data_Company\src\test\resources
2022-01-07 22:38:17,715 [Worker-28: Building] WARN  o.e.m.c.i.embedder.EclipseLogger - Using platform encoding (Cp1252 actually) to copy filtered resources, i.e. build is platform dependent!
2022-01-07 22:38:17,720 [Worker-28: Building] INFO  o.e.m.c.i.embedder.EclipseLogger - skip non existing resourceDirectory C:\Users\dhanu\OneDrive\Desktop\Advance_Java\Data_Company\src\main\resources
2022-01-07 22:38:17,723 [Worker-28: Building] WARN  o.e.m.c.i.embedder.EclipseLogger - Using platform encoding (Cp1252 actually) to copy filtered resources, i.e. build is platform dependent!
2022-01-07 22:38:17,725 [Worker-28: Building] INFO  o.e.m.c.i.embedder.EclipseLogger - skip non existing resourceDirectory C:\Users\dhanu\OneDrive\Desktop\Advance_Java\Data_Company\src\test\resources
2022-01-07 22:38:41,318 [Worker-25: Building] WARN  o.e.m.c.i.embedder.EclipseLogger - Using platform encoding (Cp1252 actually) to copy filtered resources, i.e. build is platform dependent!
2022-01-07 22:38:41,321 [Worker-25: Building] INFO  o.e.m.c.i.embedder.EclipseLogger - skip non existing resourceDirectory C:\Users\dhanu\OneDrive\Desktop\Advance_Java\Data_Company\src\main\resources
2022-01-07 22:38:41,325 [Worker-25: Building] WARN  o.e.m.c.i.embedder.EclipseLogger - Using platform encoding (Cp1252 actually) to copy filtered resources, i.e. build is platform dependent!
2022-01-07 22:38:41,327 [Worker-25: Building] INFO  o.e.m.c.i.embedder.EclipseLogger - skip non existing resourceDirectory C:\Users\dhanu\OneDrive\Desktop\Advance_Java\Data_Company\src\test\resources
2022-01-07 22:45:57,525 [Worker-32: Building] WARN  o.e.m.c.i.embedder.EclipseLogger - Using platform encoding (Cp1252 actually) to copy filtered resources, i.e. build is platform dependent!
2022-01-07 22:45:57,528 [Worker-32: Building] INFO  o.e.m.c.i.embedder.EclipseLogger - skip non existing resourceDirectory C:\Users\dhanu\OneDrive\Desktop\Advance_Java\Data_Company\src\main\resources
2022-01-07 22:45:57,530 [Worker-32: Building] WARN  o.e.m.c.i.embedder.EclipseLogger - Using platform encoding (Cp1252 actually) to copy filtered resources, i.e. build is platform dependent!
2022-01-07 22:45:57,533 [Worker-32: Building] INFO  o.e.m.c.i.embedder.EclipseLogger - skip non existing resourceDirectory C:\Users\dhanu\OneDrive\Desktop\Advance_Java\Data_Company\src\test\resources
2022-01-07 22:50:10,566 [Worker-31: Building] WARN  o.e.m.c.i.embedder.EclipseLogger - Using platform encoding (Cp1252 actually) to copy filtered resources, i.e. build is platform dependent!
2022-01-07 22:50:10,569 [Worker-31: Building] INFO  o.e.m.c.i.embedder.EclipseLogger - skip non existing resourceDirectory C:\Users\dhanu\OneDrive\Desktop\Advance_Java\Data_Company\src\main\resources
2022-01-07 22:50:10,582 [Worker-31: Building] WARN  o.e.m.c.i.embedder.EclipseLogger - Using platform encoding (Cp1252 actually) to copy filtered resources, i.e. build is platform dependent!
2022-01-07 22:50:10,584 [Worker-31: Building] INFO  o.e.m.c.i.embedder.EclipseLogger - skip non existing resourceDirectory C:\Users\dhanu\OneDrive\Desktop\Advance_Java\Data_Company\src\test\resources
2022-01-07 22:50:55,881 [Worker-35: Building] WARN  o.e.m.c.i.embedder.EclipseLogger - Using platform encoding (Cp1252 actually) to copy filtered resources, i.e. build is platform dependent!
2022-01-07 22:50:55,884 [Worker-35: Building] INFO  o.e.m.c.i.embedder.EclipseLogger - skip non existing resourceDirectory C:\Users\dhanu\OneDrive\Desktop\Advance_Java\Data_Company\src\main\resources
2022-01-07 22:50:55,886 [Worker-35: Building] WARN  o.e.m.c.i.embedder.EclipseLogger - Using platform encoding (Cp1252 actually) to copy filtered resources, i.e. build is platform dependent!
2022-01-07 22:50:55,888 [Worker-35: Building] INFO  o.e.m.c.i.embedder.EclipseLogger - skip non existing resourceDirectory C:\Users\dhanu\OneDrive\Desktop\Advance_Java\Data_Company\src\test\resources
2022-01-07 22:53:55,269 [Worker-35: Building] WARN  o.e.m.c.i.embedder.EclipseLogger - Using platform encoding (Cp1252 actually) to copy filtered resources, i.e. build is platform dependent!
2022-01-07 22:53:55,271 [Worker-35: Building] INFO  o.e.m.c.i.embedder.EclipseLogger - skip non existing resourceDirectory C:\Users\dhanu\OneDrive\Desktop\Advance_Java\Data_Company\src\main\resources
2022-01-07 22:53:55,277 [Worker-35: Building] WARN  o.e.m.c.i.embedder.EclipseLogger - Using platform encoding (Cp1252 actually) to copy filtered resources, i.e. build is platform dependent!
2022-01-07 22:53:55,278 [Worker-35: Building] INFO  o.e.m.c.i.embedder.EclipseLogger - skip non existing resourceDirectory C:\Users\dhanu\OneDrive\Desktop\Advance_Java\Data_Company\src\test\resources
2022-01-07 22:55:31,951 [Worker-33: Building] WARN  o.e.m.c.i.embedder.EclipseLogger - Using platform encoding (Cp1252 actually) to copy filtered resources, i.e. build is platform dependent!
2022-01-07 22:55:31,954 [Worker-33: Building] INFO  o.e.m.c.i.embedder.EclipseLogger - skip non existing resourceDirectory C:\Users\dhanu\OneDrive\Desktop\Advance_Java\Data_Company\src\main\resources
2022-01-07 22:55:31,957 [Worker-33: Building] WARN  o.e.m.c.i.embedder.EclipseLogger - Using platform encoding (Cp1252 actually) to copy filtered resources, i.e. build is platform dependent!
2022-01-07 22:55:31,960 [Worker-33: Building] INFO  o.e.m.c.i.embedder.EclipseLogger - skip non existing resourceDirectory C:\Users\dhanu\OneDrive\Desktop\Advance_Java\Data_Company\src\test\resources
2022-01-07 23:09:23,919 [Worker-37: Building] WARN  o.e.m.c.i.embedder.EclipseLogger - Using platform encoding (Cp1252 actually) to copy filtered resources, i.e. build is platform dependent!
2022-01-07 23:09:23,923 [Worker-37: Building] INFO  o.e.m.c.i.embedder.EclipseLogger - skip non existing resourceDirectory C:\Users\dhanu\OneDrive\Desktop\Advance_Java\Data_Company\src\main\resources
2022-01-07 23:09:23,924 [Worker-37: Building] WARN  o.e.m.c.i.embedder.EclipseLogger - Using platform encoding (Cp1252 actually) to copy filtered resources, i.e. build is platform dependent!
2022-01-07 23:09:23,925 [Worker-37: Building] INFO  o.e.m.c.i.embedder.EclipseLogger - skip non existing resourceDirectory C:\Users\dhanu\OneDrive\Desktop\Advance_Java\Data_Company\src\test\resources
2022-01-07 23:18:50,846 [Worker-43: Building] WARN  o.e.m.c.i.embedder.EclipseLogger - Using platform encoding (Cp1252 actually) to copy filtered resources, i.e. build is platform dependent!
2022-01-07 23:18:50,848 [Worker-43: Building] INFO  o.e.m.c.i.embedder.EclipseLogger - skip non existing resourceDirectory C:\Users\dhanu\OneDrive\Desktop\Advance_Java\Data_Company\src\main\resources
2022-01-07 23:18:50,849 [Worker-43: Building] WARN  o.e.m.c.i.embedder.EclipseLogger - Using platform encoding (Cp1252 actually) to copy filtered resources, i.e. build is platform dependent!
2022-01-07 23:18:50,853 [Worker-43: Building] INFO  o.e.m.c.i.embedder.EclipseLogger - skip non existing resourceDirectory C:\Users\dhanu\OneDrive\Desktop\Advance_Java\Data_Company\src\test\resources
2022-01-07 23:19:40,052 [Worker-45: Building] WARN  o.e.m.c.i.embedder.EclipseLogger - Using platform encoding (Cp1252 actually) to copy filtered resources, i.e. build is platform dependent!
2022-01-07 23:19:40,054 [Worker-45: Building] INFO  o.e.m.c.i.embedder.EclipseLogger - skip non existing resourceDirectory C:\Users\dhanu\OneDrive\Desktop\Advance_Java\Data_Company\src\main\resources
2022-01-07 23:19:40,057 [Worker-45: Building] WARN  o.e.m.c.i.embedder.EclipseLogger - Using platform encoding (Cp1252 actually) to copy filtered resources, i.e. build is platform dependent!
2022-01-07 23:19:40,058 [Worker-45: Building] INFO  o.e.m.c.i.embedder.EclipseLogger - skip non existing resourceDirectory C:\Users\dhanu\OneDrive\Desktop\Advance_Java\Data_Company\src\test\resources
2022-01-07 23:20:58,886 [Worker-46: Building] WARN  o.e.m.c.i.embedder.EclipseLogger - Using platform encoding (Cp1252 actually) to copy filtered resources, i.e. build is platform dependent!
2022-01-07 23:20:58,888 [Worker-46: Building] INFO  o.e.m.c.i.embedder.EclipseLogger - skip non existing resourceDirectory C:\Users\dhanu\OneDrive\Desktop\Advance_Java\Data_Company\src\main\resources
2022-01-07 23:20:58,891 [Worker-46: Building] WARN  o.e.m.c.i.embedder.EclipseLogger - Using platform encoding (Cp1252 actually) to copy filtered resources, i.e. build is platform dependent!
2022-01-07 23:20:58,893 [Worker-46: Building] INFO  o.e.m.c.i.embedder.EclipseLogger - skip non existing resourceDirectory C:\Users\dhanu\OneDrive\Desktop\Advance_Java\Data_Company\src\test\resources
2022-01-07 23:21:41,768 [Worker-43: Building] WARN  o.e.m.c.i.embedder.EclipseLogger - Using platform encoding (Cp1252 actually) to copy filtered resources, i.e. build is platform dependent!
2022-01-07 23:21:41,770 [Worker-43: Building] INFO  o.e.m.c.i.embedder.EclipseLogger - skip non existing resourceDirectory C:\Users\dhanu\OneDrive\Desktop\Advance_Java\Data_Company\src\main\resources
2022-01-07 23:21:41,773 [Worker-43: Building] WARN  o.e.m.c.i.embedder.EclipseLogger - Using platform encoding (Cp1252 actually) to copy filtered resources, i.e. build is platform dependent!
2022-01-07 23:21:41,775 [Worker-43: Building] INFO  o.e.m.c.i.embedder.EclipseLogger - skip non existing resourceDirectory C:\Users\dhanu\OneDrive\Desktop\Advance_Java\Data_Company\src\test\resources
2022-01-07 23:22:22,273 [Worker-46: Building] WARN  o.e.m.c.i.embedder.EclipseLogger - Using platform encoding (Cp1252 actually) to copy filtered resources, i.e. build is platform dependent!
2022-01-07 23:22:22,274 [Worker-46: Building] INFO  o.e.m.c.i.embedder.EclipseLogger - skip non existing resourceDirectory C:\Users\dhanu\OneDrive\Desktop\Advance_Java\Data_Company\src\main\resources
2022-01-07 23:22:22,275 [Worker-46: Building] WARN  o.e.m.c.i.embedder.EclipseLogger - Using platform encoding (Cp1252 actually) to copy filtered resources, i.e. build is platform dependent!
2022-01-07 23:22:22,277 [Worker-46: Building] INFO  o.e.m.c.i.embedder.EclipseLogger - skip non existing resourceDirectory C:\Users\dhanu\OneDrive\Desktop\Advance_Java\Data_Company\src\test\resources
2022-01-07 23:22:46,637 [Worker-46: Building] WARN  o.e.m.c.i.embedder.EclipseLogger - Using platform encoding (Cp1252 actually) to copy filtered resources, i.e. build is platform dependent!
2022-01-07 23:22:46,642 [Worker-46: Building] INFO  o.e.m.c.i.embedder.EclipseLogger - skip non existing resourceDirectory C:\Users\dhanu\OneDrive\Desktop\Advance_Java\Data_Company\src\main\resources
2022-01-07 23:22:46,644 [Worker-46: Building] WARN  o.e.m.c.i.embedder.EclipseLogger - Using platform encoding (Cp1252 actually) to copy filtered resources, i.e. build is platform dependent!
2022-01-07 23:22:46,646 [Worker-46: Building] INFO  o.e.m.c.i.embedder.EclipseLogger - skip non existing resourceDirectory C:\Users\dhanu\OneDrive\Desktop\Advance_Java\Data_Company\src\test\resources
2022-01-07 23:23:04,330 [Worker-47: Building] WARN  o.e.m.c.i.embedder.EclipseLogger - Using platform encoding (Cp1252 actually) to copy filtered resources, i.e. build is platform dependent!
2022-01-07 23:23:04,332 [Worker-47: Building] INFO  o.e.m.c.i.embedder.EclipseLogger - skip non existing resourceDirectory C:\Users\dhanu\OneDrive\Desktop\Advance_Java\Data_Company\src\main\resources
2022-01-07 23:23:04,336 [Worker-47: Building] WARN  o.e.m.c.i.embedder.EclipseLogger - Using platform encoding (Cp1252 actually) to copy filtered resources, i.e. build is platform dependent!
2022-01-07 23:23:04,337 [Worker-47: Building] INFO  o.e.m.c.i.embedder.EclipseLogger - skip non existing resourceDirectory C:\Users\dhanu\OneDrive\Desktop\Advance_Java\Data_Company\src\test\resources
2022-01-07 23:23:21,456 [Worker-43: Building] WARN  o.e.m.c.i.embedder.EclipseLogger - Using platform encoding (Cp1252 actually) to copy filtered resources, i.e. build is platform dependent!
2022-01-07 23:23:21,458 [Worker-43: Building] INFO  o.e.m.c.i.embedder.EclipseLogger - skip non existing resourceDirectory C:\Users\dhanu\OneDrive\Desktop\Advance_Java\Data_Company\src\main\resources
2022-01-07 23:23:21,462 [Worker-43: Building] WARN  o.e.m.c.i.embedder.EclipseLogger - Using platform encoding (Cp1252 actually) to copy filtered resources, i.e. build is platform dependent!
2022-01-07 23:23:21,465 [Worker-43: Building] INFO  o.e.m.c.i.embedder.EclipseLogger - skip non existing resourceDirectory C:\Users\dhanu\OneDrive\Desktop\Advance_Java\Data_Company\src\test\resources
2022-01-07 23:23:40,362 [Worker-46: Building] WARN  o.e.m.c.i.embedder.EclipseLogger - Using platform encoding (Cp1252 actually) to copy filtered resources, i.e. build is platform dependent!
2022-01-07 23:23:40,363 [Worker-46: Building] INFO  o.e.m.c.i.embedder.EclipseLogger - skip non existing resourceDirectory C:\Users\dhanu\OneDrive\Desktop\Advance_Java\Data_Company\src\main\resources
2022-01-07 23:23:40,364 [Worker-46: Building] WARN  o.e.m.c.i.embedder.EclipseLogger - Using platform encoding (Cp1252 actually) to copy filtered resources, i.e. build is platform dependent!
2022-01-07 23:23:40,366 [Worker-46: Building] INFO  o.e.m.c.i.embedder.EclipseLogger - skip non existing resourceDirectory C:\Users\dhanu\OneDrive\Desktop\Advance_Java\Data_Company\src\test\resources
2022-01-07 23:23:58,660 [Worker-44: Building] WARN  o.e.m.c.i.embedder.EclipseLogger - Using platform encoding (Cp1252 actually) to copy filtered resources, i.e. build is platform dependent!
2022-01-07 23:23:58,662 [Worker-44: Building] INFO  o.e.m.c.i.embedder.EclipseLogger - skip non existing resourceDirectory C:\Users\dhanu\OneDrive\Desktop\Advance_Java\Data_Company\src\main\resources
2022-01-07 23:23:58,665 [Worker-44: Building] WARN  o.e.m.c.i.embedder.EclipseLogger - Using platform encoding (Cp1252 actually) to copy filtered resources, i.e. build is platform dependent!
2022-01-07 23:23:58,669 [Worker-44: Building] INFO  o.e.m.c.i.embedder.EclipseLogger - skip non existing resourceDirectory C:\Users\dhanu\OneDrive\Desktop\Advance_Java\Data_Company\src\test\resources
2022-01-07 23:24:10,245 [Worker-45: Building] WARN  o.e.m.c.i.embedder.EclipseLogger - Using platform encoding (Cp1252 actually) to copy filtered resources, i.e. build is platform dependent!
2022-01-07 23:24:10,248 [Worker-45: Building] INFO  o.e.m.c.i.embedder.EclipseLogger - skip non existing resourceDirectory C:\Users\dhanu\OneDrive\Desktop\Advance_Java\Data_Company\src\main\resources
2022-01-07 23:24:10,250 [Worker-45: Building] WARN  o.e.m.c.i.embedder.EclipseLogger - Using platform encoding (Cp1252 actually) to copy filtered resources, i.e. build is platform dependent!
2022-01-07 23:24:10,251 [Worker-45: Building] INFO  o.e.m.c.i.embedder.EclipseLogger - skip non existing resourceDirectory C:\Users\dhanu\OneDrive\Desktop\Advance_Java\Data_Company\src\test\resources
2022-01-07 23:24:23,417 [Worker-46: Building] WARN  o.e.m.c.i.embedder.EclipseLogger - Using platform encoding (Cp1252 actually) to copy filtered resources, i.e. build is platform dependent!
2022-01-07 23:24:23,418 [Worker-46: Building] INFO  o.e.m.c.i.embedder.EclipseLogger - skip non existing resourceDirectory C:\Users\dhanu\OneDrive\Desktop\Advance_Java\Data_Company\src\main\resources
2022-01-07 23:24:23,420 [Worker-46: Building] WARN  o.e.m.c.i.embedder.EclipseLogger - Using platform encoding (Cp1252 actually) to copy filtered resources, i.e. build is platform dependent!
2022-01-07 23:24:23,421 [Worker-46: Building] INFO  o.e.m.c.i.embedder.EclipseLogger - skip non existing resourceDirectory C:\Users\dhanu\OneDrive\Desktop\Advance_Java\Data_Company\src\test\resources
2022-01-07 23:24:32,559 [Worker-44: Building] WARN  o.e.m.c.i.embedder.EclipseLogger - Using platform encoding (Cp1252 actually) to copy filtered resources, i.e. build is platform dependent!
2022-01-07 23:24:32,560 [Worker-44: Building] INFO  o.e.m.c.i.embedder.EclipseLogger - skip non existing resourceDirectory C:\Users\dhanu\OneDrive\Desktop\Advance_Java\Data_Company\src\main\resources
2022-01-07 23:24:32,561 [Worker-44: Building] WARN  o.e.m.c.i.embedder.EclipseLogger - Using platform encoding (Cp1252 actually) to copy filtered resources, i.e. build is platform dependent!
2022-01-07 23:24:32,562 [Worker-44: Building] INFO  o.e.m.c.i.embedder.EclipseLogger - skip non existing resourceDirectory C:\Users\dhanu\OneDrive\Desktop\Advance_Java\Data_Company\src\test\resources
2022-01-07 23:25:11,338 [Worker-47: Building] WARN  o.e.m.c.i.embedder.EclipseLogger - Using platform encoding (Cp1252 actually) to copy filtered resources, i.e. build is platform dependent!
2022-01-07 23:25:11,341 [Worker-47: Building] INFO  o.e.m.c.i.embedder.EclipseLogger - skip non existing resourceDirectory C:\Users\dhanu\OneDrive\Desktop\Advance_Java\Data_Company\src\main\resources
2022-01-07 23:25:11,343 [Worker-47: Building] WARN  o.e.m.c.i.embedder.EclipseLogger - Using platform encoding (Cp1252 actually) to copy filtered resources, i.e. build is platform dependent!
2022-01-07 23:25:11,344 [Worker-47: Building] INFO  o.e.m.c.i.embedder.EclipseLogger - skip non existing resourceDirectory C:\Users\dhanu\OneDrive\Desktop\Advance_Java\Data_Company\src\test\resources
2022-01-07 23:25:25,072 [Worker-44: Building] WARN  o.e.m.c.i.embedder.EclipseLogger - Using platform encoding (Cp1252 actually) to copy filtered resources, i.e. build is platform dependent!
2022-01-07 23:25:25,073 [Worker-44: Building] INFO  o.e.m.c.i.embedder.EclipseLogger - skip non existing resourceDirectory C:\Users\dhanu\OneDrive\Desktop\Advance_Java\Data_Company\src\main\resources
2022-01-07 23:25:25,073 [Worker-44: Building] WARN  o.e.m.c.i.embedder.EclipseLogger - Using platform encoding (Cp1252 actually) to copy filtered resources, i.e. build is platform dependent!
2022-01-07 23:25:25,076 [Worker-44: Building] INFO  o.e.m.c.i.embedder.EclipseLogger - skip non existing resourceDirectory C:\Users\dhanu\OneDrive\Desktop\Advance_Java\Data_Company\src\test\resources
2022-01-07 23:25:53,649 [Worker-45: Building] WARN  o.e.m.c.i.embedder.EclipseLogger - Using platform encoding (Cp1252 actually) to copy filtered resources, i.e. build is platform dependent!
2022-01-07 23:25:53,650 [Worker-45: Building] INFO  o.e.m.c.i.embedder.EclipseLogger - skip non existing resourceDirectory C:\Users\dhanu\OneDrive\Desktop\Advance_Java\Data_Company\src\main\resources
2022-01-07 23:25:53,651 [Worker-45: Building] WARN  o.e.m.c.i.embedder.EclipseLogger - Using platform encoding (Cp1252 actually) to copy filtered resources, i.e. build is platform dependent!
2022-01-07 23:25:53,652 [Worker-45: Building] INFO  o.e.m.c.i.embedder.EclipseLogger - skip non existing resourceDirectory C:\Users\dhanu\OneDrive\Desktop\Advance_Java\Data_Company\src\test\resources
2022-01-07 23:26:15,396 [Worker-43: Building] WARN  o.e.m.c.i.embedder.EclipseLogger - Using platform encoding (Cp1252 actually) to copy filtered resources, i.e. build is platform dependent!
2022-01-07 23:26:15,397 [Worker-43: Building] INFO  o.e.m.c.i.embedder.EclipseLogger - skip non existing resourceDirectory C:\Users\dhanu\OneDrive\Desktop\Advance_Java\Data_Company\src\main\resources
2022-01-07 23:26:15,399 [Worker-43: Building] WARN  o.e.m.c.i.embedder.EclipseLogger - Using platform encoding (Cp1252 actually) to copy filtered resources, i.e. build is platform dependent!
2022-01-07 23:26:15,404 [Worker-43: Building] INFO  o.e.m.c.i.embedder.EclipseLogger - skip non existing resourceDirectory C:\Users\dhanu\OneDrive\Desktop\Advance_Java\Data_Company\src\test\resources
2022-01-07 23:26:43,496 [Worker-43: Building] WARN  o.e.m.c.i.embedder.EclipseLogger - Using platform encoding (Cp1252 actually) to copy filtered resources, i.e. build is platform dependent!
2022-01-07 23:26:43,497 [Worker-43: Building] INFO  o.e.m.c.i.embedder.EclipseLogger - skip non existing resourceDirectory C:\Users\dhanu\OneDrive\Desktop\Advance_Java\Data_Company\src\main\resources
2022-01-07 23:26:43,499 [Worker-43: Building] WARN  o.e.m.c.i.embedder.EclipseLogger - Using platform encoding (Cp1252 actually) to copy filtered resources, i.e. build is platform dependent!
2022-01-07 23:26:43,501 [Worker-43: Building] INFO  o.e.m.c.i.embedder.EclipseLogger - skip non existing resourceDirectory C:\Users\dhanu\OneDrive\Desktop\Advance_Java\Data_Company\src\test\resources
2022-01-07 23:27:10,119 [Worker-46: Building] WARN  o.e.m.c.i.embedder.EclipseLogger - Using platform encoding (Cp1252 actually) to copy filtered resources, i.e. build is platform dependent!
2022-01-07 23:27:10,121 [Worker-46: Building] INFO  o.e.m.c.i.embedder.EclipseLogger - skip non existing resourceDirectory C:\Users\dhanu\OneDrive\Desktop\Advance_Java\Data_Company\src\main\resources
2022-01-07 23:27:10,122 [Worker-46: Building] WARN  o.e.m.c.i.embedder.EclipseLogger - Using platform encoding (Cp1252 actually) to copy filtered resources, i.e. build is platform dependent!
2022-01-07 23:27:10,124 [Worker-46: Building] INFO  o.e.m.c.i.embedder.EclipseLogger - skip non existing resourceDirectory C:\Users\dhanu\OneDrive\Desktop\Advance_Java\Data_Company\src\test\resources
2022-01-07 23:27:26,313 [Worker-37: Building] WARN  o.e.m.c.i.embedder.EclipseLogger - Using platform encoding (Cp1252 actually) to copy filtered resources, i.e. build is platform dependent!
2022-01-07 23:27:26,315 [Worker-37: Building] INFO  o.e.m.c.i.embedder.EclipseLogger - skip non existing resourceDirectory C:\Users\dhanu\OneDrive\Desktop\Advance_Java\Data_Company\src\main\resources
2022-01-07 23:27:26,317 [Worker-37: Building] WARN  o.e.m.c.i.embedder.EclipseLogger - Using platform encoding (Cp1252 actually) to copy filtered resources, i.e. build is platform dependent!
2022-01-07 23:27:26,318 [Worker-37: Building] INFO  o.e.m.c.i.embedder.EclipseLogger - skip non existing resourceDirectory C:\Users\dhanu\OneDrive\Desktop\Advance_Java\Data_Company\src\test\resources
2022-01-07 23:33:18,786 [Worker-47: Building] WARN  o.e.m.c.i.embedder.EclipseLogger - Using platform encoding (Cp1252 actually) to copy filtered resources, i.e. build is platform dependent!
2022-01-07 23:33:18,787 [Worker-47: Building] INFO  o.e.m.c.i.embedder.EclipseLogger - skip non existing resourceDirectory C:\Users\dhanu\OneDrive\Desktop\Advance_Java\Data_Company\src\main\resources
2022-01-07 23:33:18,789 [Worker-47: Building] WARN  o.e.m.c.i.embedder.EclipseLogger - Using platform encoding (Cp1252 actually) to copy filtered resources, i.e. build is platform dependent!
2022-01-07 23:33:18,791 [Worker-47: Building] INFO  o.e.m.c.i.embedder.EclipseLogger - skip non existing resourceDirectory C:\Users\dhanu\OneDrive\Desktop\Advance_Java\Data_Company\src\test\resources
2022-01-07 23:34:15,850 [Worker-37: Building] WARN  o.e.m.c.i.embedder.EclipseLogger - Using platform encoding (Cp1252 actually) to copy filtered resources, i.e. build is platform dependent!
2022-01-07 23:34:15,853 [Worker-37: Building] INFO  o.e.m.c.i.embedder.EclipseLogger - skip non existing resourceDirectory C:\Users\dhanu\OneDrive\Desktop\Advance_Java\Data_Company\src\main\resources
2022-01-07 23:34:15,854 [Worker-37: Building] WARN  o.e.m.c.i.embedder.EclipseLogger - Using platform encoding (Cp1252 actually) to copy filtered resources, i.e. build is platform dependent!
2022-01-07 23:34:15,858 [Worker-37: Building] INFO  o.e.m.c.i.embedder.EclipseLogger - skip non existing resourceDirectory C:\Users\dhanu\OneDrive\Desktop\Advance_Java\Data_Company\src\test\resources
2022-01-07 23:34:28,344 [Worker-43: Building] WARN  o.e.m.c.i.embedder.EclipseLogger - Using platform encoding (Cp1252 actually) to copy filtered resources, i.e. build is platform dependent!
2022-01-07 23:34:28,345 [Worker-43: Building] INFO  o.e.m.c.i.embedder.EclipseLogger - skip non existing resourceDirectory C:\Users\dhanu\OneDrive\Desktop\Advance_Java\Data_Company\src\main\resources
2022-01-07 23:34:28,347 [Worker-43: Building] WARN  o.e.m.c.i.embedder.EclipseLogger - Using platform encoding (Cp1252 actually) to copy filtered resources, i.e. build is platform dependent!
2022-01-07 23:34:28,348 [Worker-43: Building] INFO  o.e.m.c.i.embedder.EclipseLogger - skip non existing resourceDirectory C:\Users\dhanu\OneDrive\Desktop\Advance_Java\Data_Company\src\test\resources
2022-01-07 23:34:59,712 [Worker-45: Building] WARN  o.e.m.c.i.embedder.EclipseLogger - Using platform encoding (Cp1252 actually) to copy filtered resources, i.e. build is platform dependent!
2022-01-07 23:34:59,713 [Worker-45: Building] INFO  o.e.m.c.i.embedder.EclipseLogger - skip non existing resourceDirectory C:\Users\dhanu\OneDrive\Desktop\Advance_Java\Data_Company\src\main\resources
2022-01-07 23:34:59,715 [Worker-45: Building] WARN  o.e.m.c.i.embedder.EclipseLogger - Using platform encoding (Cp1252 actually) to copy filtered resources, i.e. build is platform dependent!
2022-01-07 23:34:59,717 [Worker-45: Building] INFO  o.e.m.c.i.embedder.EclipseLogger - skip non existing resourceDirectory C:\Users\dhanu\OneDrive\Desktop\Advance_Java\Data_Company\src\test\resources
2022-01-07 23:35:49,023 [Worker-37: Building] WARN  o.e.m.c.i.embedder.EclipseLogger - Using platform encoding (Cp1252 actually) to copy filtered resources, i.e. build is platform dependent!
2022-01-07 23:35:49,024 [Worker-37: Building] INFO  o.e.m.c.i.embedder.EclipseLogger - skip non existing resourceDirectory C:\Users\dhanu\OneDrive\Desktop\Advance_Java\Data_Company\src\main\resources
2022-01-07 23:35:49,030 [Worker-37: Building] WARN  o.e.m.c.i.embedder.EclipseLogger - Using platform encoding (Cp1252 actually) to copy filtered resources, i.e. build is platform dependent!
2022-01-07 23:35:49,032 [Worker-37: Building] INFO  o.e.m.c.i.embedder.EclipseLogger - skip non existing resourceDirectory C:\Users\dhanu\OneDrive\Desktop\Advance_Java\Data_Company\src\test\resources
2022-01-07 23:42:49,287 [Worker-47: Building] WARN  o.e.m.c.i.embedder.EclipseLogger - Using platform encoding (Cp1252 actually) to copy filtered resources, i.e. build is platform dependent!
2022-01-07 23:42:49,288 [Worker-47: Building] INFO  o.e.m.c.i.embedder.EclipseLogger - skip non existing resourceDirectory C:\Users\dhanu\OneDrive\Desktop\Advance_Java\Data_Company\src\main\resources
2022-01-07 23:42:49,290 [Worker-47: Building] WARN  o.e.m.c.i.embedder.EclipseLogger - Using platform encoding (Cp1252 actually) to copy filtered resources, i.e. build is platform dependent!
2022-01-07 23:42:49,291 [Worker-47: Building] INFO  o.e.m.c.i.embedder.EclipseLogger - skip non existing resourceDirectory C:\Users\dhanu\OneDrive\Desktop\Advance_Java\Data_Company\src\test\resources
